{"total": {"lines":{"total":5865,"covered":4126,"skipped":0,"pct":70.34},"statements":{"total":7022,"covered":4799,"skipped":0,"pct":68.34},"functions":{"total":1662,"covered":1093,"skipped":0,"pct":65.76},"branches":{"total":4300,"covered":2796,"skipped":0,"pct":65.02},"branchesTrue":{"total":0,"covered":0,"skipped":0,"pct":100}}
,"/Users/ayush/Desktop/Battleship/my-app/src/audio/haptics.ts": {"lines":{"total":3,"covered":0,"skipped":0,"pct":0},"functions":{"total":2,"covered":0,"skipped":0,"pct":0},"statements":{"total":4,"covered":0,"skipped":0,"pct":0},"branches":{"total":14,"covered":0,"skipped":0,"pct":0}}
,"/Users/ayush/Desktop/Battleship/my-app/src/audio/index.ts": {"lines":{"total":115,"covered":0,"skipped":0,"pct":0},"functions":{"total":28,"covered":0,"skipped":0,"pct":0},"statements":{"total":145,"covered":0,"skipped":0,"pct":0},"branches":{"total":84,"covered":0,"skipped":0,"pct":0}}
,"/Users/ayush/Desktop/Battleship/my-app/src/audio/sfx.ts": {"lines":{"total":0,"covered":0,"skipped":0,"pct":100},"functions":{"total":0,"covered":0,"skipped":0,"pct":100},"statements":{"total":0,"covered":0,"skipped":0,"pct":100},"branches":{"total":0,"covered":0,"skipped":0,"pct":100}}
,"/Users/ayush/Desktop/Battleship/my-app/src/audio/voice.ts": {"lines":{"total":2,"covered":0,"skipped":0,"pct":0},"functions":{"total":2,"covered":0,"skipped":0,"pct":0},"statements":{"total":2,"covered":0,"skipped":0,"pct":0},"branches":{"total":0,"covered":0,"skipped":0,"pct":100}}
,"/Users/ayush/Desktop/Battleship/my-app/src/board/art.ts": {"lines":{"total":66,"covered":0,"skipped":0,"pct":0},"functions":{"total":5,"covered":0,"skipped":0,"pct":0},"statements":{"total":75,"covered":0,"skipped":0,"pct":0},"branches":{"total":12,"covered":0,"skipped":0,"pct":0}}
,"/Users/ayush/Desktop/Battleship/my-app/src/board/layout.ts": {"lines":{"total":24,"covered":24,"skipped":0,"pct":100},"functions":{"total":6,"covered":6,"skipped":0,"pct":100},"statements":{"total":25,"covered":25,"skipped":0,"pct":100},"branches":{"total":8,"covered":8,"skipped":0,"pct":100}}
,"/Users/ayush/Desktop/Battleship/my-app/src/bounties/api.ts": {"lines":{"total":21,"covered":0,"skipped":0,"pct":0},"functions":{"total":11,"covered":0,"skipped":0,"pct":0},"statements":{"total":21,"covered":0,"skipped":0,"pct":0},"branches":{"total":12,"covered":0,"skipped":0,"pct":0}}
,"/Users/ayush/Desktop/Battleship/my-app/src/city/api.ts": {"lines":{"total":46,"covered":42,"skipped":0,"pct":91.3},"functions":{"total":16,"covered":12,"skipped":0,"pct":75},"statements":{"total":59,"covered":52,"skipped":0,"pct":88.13},"branches":{"total":34,"covered":27,"skipped":0,"pct":79.41}}
,"/Users/ayush/Desktop/Battleship/my-app/src/city/features.ts": {"lines":{"total":22,"covered":22,"skipped":0,"pct":100},"functions":{"total":8,"covered":8,"skipped":0,"pct":100},"statements":{"total":24,"covered":23,"skipped":0,"pct":95.83},"branches":{"total":20,"covered":16,"skipped":0,"pct":80}}
,"/Users/ayush/Desktop/Battleship/my-app/src/city/flagKeys.ts": {"lines":{"total":1,"covered":1,"skipped":0,"pct":100},"functions":{"total":0,"covered":0,"skipped":0,"pct":100},"statements":{"total":1,"covered":1,"skipped":0,"pct":100},"branches":{"total":0,"covered":0,"skipped":0,"pct":100}}
,"/Users/ayush/Desktop/Battleship/my-app/src/city/store.ts": {"lines":{"total":31,"covered":27,"skipped":0,"pct":87.09},"functions":{"total":15,"covered":12,"skipped":0,"pct":80},"statements":{"total":38,"covered":30,"skipped":0,"pct":78.94},"branches":{"total":25,"covered":19,"skipped":0,"pct":76}}
,"/Users/ayush/Desktop/Battleship/my-app/src/city/types.ts": {"lines":{"total":3,"covered":3,"skipped":0,"pct":100},"functions":{"total":1,"covered":1,"skipped":0,"pct":100},"statements":{"total":3,"covered":3,"skipped":0,"pct":100},"branches":{"total":2,"covered":2,"skipped":0,"pct":100}}
,"/Users/ayush/Desktop/Battleship/my-app/src/city/ui/budgets.ts": {"lines":{"total":4,"covered":4,"skipped":0,"pct":100},"functions":{"total":2,"covered":2,"skipped":0,"pct":100},"statements":{"total":5,"covered":5,"skipped":0,"pct":100},"branches":{"total":0,"covered":0,"skipped":0,"pct":100}}
,"/Users/ayush/Desktop/Battleship/my-app/src/city/ui/buildingArt.ts": {"lines":{"total":124,"covered":119,"skipped":0,"pct":95.96},"functions":{"total":12,"covered":11,"skipped":0,"pct":91.66},"statements":{"total":145,"covered":135,"skipped":0,"pct":93.1},"branches":{"total":76,"covered":62,"skipped":0,"pct":81.57}}
,"/Users/ayush/Desktop/Battleship/my-app/src/city/ui/captainCopy.ts": {"lines":{"total":37,"covered":32,"skipped":0,"pct":86.48},"functions":{"total":20,"covered":20,"skipped":0,"pct":100},"statements":{"total":42,"covered":35,"skipped":0,"pct":83.33},"branches":{"total":32,"covered":21,"skipped":0,"pct":65.62}}
,"/Users/ayush/Desktop/Battleship/my-app/src/city/ui/plotState.ts": {"lines":{"total":39,"covered":35,"skipped":0,"pct":89.74},"functions":{"total":4,"covered":4,"skipped":0,"pct":100},"statements":{"total":44,"covered":39,"skipped":0,"pct":88.63},"branches":{"total":56,"covered":47,"skipped":0,"pct":83.92}}
,"/Users/ayush/Desktop/Battleship/my-app/src/city/ui/plots.ts": {"lines":{"total":15,"covered":15,"skipped":0,"pct":100},"functions":{"total":5,"covered":5,"skipped":0,"pct":100},"statements":{"total":16,"covered":16,"skipped":0,"pct":100},"branches":{"total":4,"covered":4,"skipped":0,"pct":100}}
,"/Users/ayush/Desktop/Battleship/my-app/src/city/ui/tourScript.ts": {"lines":{"total":8,"covered":8,"skipped":0,"pct":100},"functions":{"total":3,"covered":3,"skipped":0,"pct":100},"statements":{"total":10,"covered":9,"skipped":0,"pct":90},"branches":{"total":4,"covered":3,"skipped":0,"pct":75}}
,"/Users/ayush/Desktop/Battleship/my-app/src/city/ui/useCityActions.ts": {"lines":{"total":35,"covered":0,"skipped":0,"pct":0},"functions":{"total":16,"covered":0,"skipped":0,"pct":0},"statements":{"total":42,"covered":0,"skipped":0,"pct":0},"branches":{"total":6,"covered":0,"skipped":0,"pct":0}}
,"/Users/ayush/Desktop/Battleship/my-app/src/cosmetics/api.ts": {"lines":{"total":19,"covered":0,"skipped":0,"pct":0},"functions":{"total":9,"covered":0,"skipped":0,"pct":0},"statements":{"total":19,"covered":0,"skipped":0,"pct":0},"branches":{"total":10,"covered":0,"skipped":0,"pct":0}}
,"/Users/ayush/Desktop/Battleship/my-app/src/daily/api.ts": {"lines":{"total":33,"covered":24,"skipped":0,"pct":72.72},"functions":{"total":14,"covered":8,"skipped":0,"pct":57.14},"statements":{"total":33,"covered":24,"skipped":0,"pct":72.72},"branches":{"total":8,"covered":3,"skipped":0,"pct":37.5}}
,"/Users/ayush/Desktop/Battleship/my-app/src/data/countries.ts": {"lines":{"total":25,"covered":25,"skipped":0,"pct":100},"functions":{"total":13,"covered":13,"skipped":0,"pct":100},"statements":{"total":30,"covered":30,"skipped":0,"pct":100},"branches":{"total":16,"covered":13,"skipped":0,"pct":81.25}}
,"/Users/ayush/Desktop/Battleship/my-app/src/data/currencies.ts": {"lines":{"total":3,"covered":3,"skipped":0,"pct":100},"functions":{"total":1,"covered":1,"skipped":0,"pct":100},"statements":{"total":3,"covered":3,"skipped":0,"pct":100},"branches":{"total":5,"covered":5,"skipped":0,"pct":100}}
,"/Users/ayush/Desktop/Battleship/my-app/src/empire/api.ts": {"lines":{"total":4,"covered":0,"skipped":0,"pct":0},"functions":{"total":4,"covered":0,"skipped":0,"pct":0},"statements":{"total":17,"covered":0,"skipped":0,"pct":0},"branches":{"total":8,"covered":0,"skipped":0,"pct":0}}
,"/Users/ayush/Desktop/Battleship/my-app/src/engine/ai.ts": {"lines":{"total":106,"covered":103,"skipped":0,"pct":97.16},"functions":{"total":22,"covered":22,"skipped":0,"pct":100},"statements":{"total":147,"covered":142,"skipped":0,"pct":96.59},"branches":{"total":102,"covered":96,"skipped":0,"pct":94.11}}
,"/Users/ayush/Desktop/Battleship/my-app/src/engine/arsenal.ts": {"lines":{"total":143,"covered":143,"skipped":0,"pct":100},"functions":{"total":34,"covered":34,"skipped":0,"pct":100},"statements":{"total":185,"covered":178,"skipped":0,"pct":96.21},"branches":{"total":115,"covered":106,"skipped":0,"pct":92.17}}
,"/Users/ayush/Desktop/Battleship/my-app/src/engine/board.ts": {"lines":{"total":35,"covered":33,"skipped":0,"pct":94.28},"functions":{"total":10,"covered":9,"skipped":0,"pct":90},"statements":{"total":46,"covered":44,"skipped":0,"pct":95.65},"branches":{"total":22,"covered":22,"skipped":0,"pct":100}}
,"/Users/ayush/Desktop/Battleship/my-app/src/engine/captains.ts": {"lines":{"total":23,"covered":23,"skipped":0,"pct":100},"functions":{"total":14,"covered":14,"skipped":0,"pct":100},"statements":{"total":24,"covered":24,"skipped":0,"pct":100},"branches":{"total":25,"covered":23,"skipped":0,"pct":92}}
,"/Users/ayush/Desktop/Battleship/my-app/src/engine/economy.ts": {"lines":{"total":17,"covered":14,"skipped":0,"pct":82.35},"functions":{"total":4,"covered":4,"skipped":0,"pct":100},"statements":{"total":17,"covered":14,"skipped":0,"pct":82.35},"branches":{"total":13,"covered":10,"skipped":0,"pct":76.92}}
,"/Users/ayush/Desktop/Battleship/my-app/src/engine/fleet.ts": {"lines":{"total":28,"covered":23,"skipped":0,"pct":82.14},"functions":{"total":10,"covered":8,"skipped":0,"pct":80},"statements":{"total":37,"covered":28,"skipped":0,"pct":75.67},"branches":{"total":14,"covered":8,"skipped":0,"pct":57.14}}
,"/Users/ayush/Desktop/Battleship/my-app/src/engine/index.ts": {"lines":{"total":0,"covered":0,"skipped":0,"pct":100},"functions":{"total":0,"covered":0,"skipped":0,"pct":100},"statements":{"total":0,"covered":0,"skipped":0,"pct":100},"branches":{"total":0,"covered":0,"skipped":0,"pct":100}}
,"/Users/ayush/Desktop/Battleship/my-app/src/engine/match.ts": {"lines":{"total":169,"covered":165,"skipped":0,"pct":97.63},"functions":{"total":26,"covered":25,"skipped":0,"pct":96.15},"statements":{"total":203,"covered":193,"skipped":0,"pct":95.07},"branches":{"total":150,"covered":137,"skipped":0,"pct":91.33}}
,"/Users/ayush/Desktop/Battleship/my-app/src/engine/placement.ts": {"lines":{"total":108,"covered":104,"skipped":0,"pct":96.29},"functions":{"total":28,"covered":28,"skipped":0,"pct":100},"statements":{"total":146,"covered":137,"skipped":0,"pct":93.83},"branches":{"total":94,"covered":84,"skipped":0,"pct":89.36}}
,"/Users/ayush/Desktop/Battleship/my-app/src/engine/ranks.ts": {"lines":{"total":12,"covered":12,"skipped":0,"pct":100},"functions":{"total":2,"covered":2,"skipped":0,"pct":100},"statements":{"total":13,"covered":13,"skipped":0,"pct":100},"branches":{"total":6,"covered":6,"skipped":0,"pct":100}}
,"/Users/ayush/Desktop/Battleship/my-app/src/engine/rng.ts": {"lines":{"total":22,"covered":22,"skipped":0,"pct":100},"functions":{"total":5,"covered":5,"skipped":0,"pct":100},"statements":{"total":25,"covered":24,"skipped":0,"pct":96},"branches":{"total":2,"covered":1,"skipped":0,"pct":50}}
,"/Users/ayush/Desktop/Battleship/my-app/src/engine/shots.ts": {"lines":{"total":110,"covered":109,"skipped":0,"pct":99.09},"functions":{"total":22,"covered":22,"skipped":0,"pct":100},"statements":{"total":118,"covered":117,"skipped":0,"pct":99.15},"branches":{"total":85,"covered":83,"skipped":0,"pct":97.64}}
,"/Users/ayush/Desktop/Battleship/my-app/src/engine/terrain.ts": {"lines":{"total":37,"covered":36,"skipped":0,"pct":97.29},"functions":{"total":19,"covered":19,"skipped":0,"pct":100},"statements":{"total":41,"covered":37,"skipped":0,"pct":90.24},"branches":{"total":24,"covered":18,"skipped":0,"pct":75}}
,"/Users/ayush/Desktop/Battleship/my-app/src/engine/types.ts": {"lines":{"total":6,"covered":6,"skipped":0,"pct":100},"functions":{"total":1,"covered":1,"skipped":0,"pct":100},"statements":{"total":6,"covered":6,"skipped":0,"pct":100},"branches":{"total":0,"covered":0,"skipped":0,"pct":100}}
,"/Users/ayush/Desktop/Battleship/my-app/src/engine/bounties/catalogue.ts": {"lines":{"total":13,"covered":12,"skipped":0,"pct":92.3},"functions":{"total":7,"covered":5,"skipped":0,"pct":71.42},"statements":{"total":15,"covered":13,"skipped":0,"pct":86.66},"branches":{"total":10,"covered":8,"skipped":0,"pct":80}}
,"/Users/ayush/Desktop/Battleship/my-app/src/engine/bounties/index.ts": {"lines":{"total":0,"covered":0,"skipped":0,"pct":100},"functions":{"total":0,"covered":0,"skipped":0,"pct":100},"statements":{"total":0,"covered":0,"skipped":0,"pct":100},"branches":{"total":0,"covered":0,"skipped":0,"pct":100}}
,"/Users/ayush/Desktop/Battleship/my-app/src/engine/bounties/metrics.ts": {"lines":{"total":100,"covered":100,"skipped":0,"pct":100},"functions":{"total":18,"covered":18,"skipped":0,"pct":100},"statements":{"total":120,"covered":117,"skipped":0,"pct":97.5},"branches":{"total":114,"covered":109,"skipped":0,"pct":95.61}}
,"/Users/ayush/Desktop/Battleship/my-app/src/engine/bounties/reset.ts": {"lines":{"total":43,"covered":43,"skipped":0,"pct":100},"functions":{"total":14,"covered":14,"skipped":0,"pct":100},"statements":{"total":50,"covered":48,"skipped":0,"pct":96},"branches":{"total":24,"covered":21,"skipped":0,"pct":87.5}}
,"/Users/ayush/Desktop/Battleship/my-app/src/engine/bounties/season.ts": {"lines":{"total":45,"covered":42,"skipped":0,"pct":93.33},"functions":{"total":15,"covered":13,"skipped":0,"pct":86.66},"statements":{"total":49,"covered":45,"skipped":0,"pct":91.83},"branches":{"total":25,"covered":24,"skipped":0,"pct":96}}
,"/Users/ayush/Desktop/Battleship/my-app/src/engine/city/actions.ts": {"lines":{"total":169,"covered":153,"skipped":0,"pct":90.53},"functions":{"total":22,"covered":20,"skipped":0,"pct":90.9},"statements":{"total":199,"covered":172,"skipped":0,"pct":86.43},"branches":{"total":102,"covered":79,"skipped":0,"pct":77.45}}
,"/Users/ayush/Desktop/Battleship/my-app/src/engine/city/catalogue.ts": {"lines":{"total":46,"covered":45,"skipped":0,"pct":97.82},"functions":{"total":12,"covered":11,"skipped":0,"pct":91.66},"statements":{"total":54,"covered":51,"skipped":0,"pct":94.44},"branches":{"total":28,"covered":22,"skipped":0,"pct":78.57}}
,"/Users/ayush/Desktop/Battleship/my-app/src/engine/city/index.ts": {"lines":{"total":0,"covered":0,"skipped":0,"pct":100},"functions":{"total":0,"covered":0,"skipped":0,"pct":100},"statements":{"total":0,"covered":0,"skipped":0,"pct":100},"branches":{"total":0,"covered":0,"skipped":0,"pct":100}}
,"/Users/ayush/Desktop/Battleship/my-app/src/engine/city/migrate.ts": {"lines":{"total":16,"covered":16,"skipped":0,"pct":100},"functions":{"total":2,"covered":2,"skipped":0,"pct":100},"statements":{"total":16,"covered":16,"skipped":0,"pct":100},"branches":{"total":4,"covered":4,"skipped":0,"pct":100}}
,"/Users/ayush/Desktop/Battleship/my-app/src/engine/city/research.ts": {"lines":{"total":26,"covered":26,"skipped":0,"pct":100},"functions":{"total":14,"covered":14,"skipped":0,"pct":100},"statements":{"total":39,"covered":39,"skipped":0,"pct":100},"branches":{"total":28,"covered":27,"skipped":0,"pct":96.42}}
,"/Users/ayush/Desktop/Battleship/my-app/src/engine/city/settle.ts": {"lines":{"total":62,"covered":62,"skipped":0,"pct":100},"functions":{"total":8,"covered":8,"skipped":0,"pct":100},"statements":{"total":69,"covered":68,"skipped":0,"pct":98.55},"branches":{"total":39,"covered":32,"skipped":0,"pct":82.05}}
,"/Users/ayush/Desktop/Battleship/my-app/src/engine/city/types.ts": {"lines":{"total":0,"covered":0,"skipped":0,"pct":100},"functions":{"total":0,"covered":0,"skipped":0,"pct":100},"statements":{"total":0,"covered":0,"skipped":0,"pct":100},"branches":{"total":0,"covered":0,"skipped":0,"pct":100}}
,"/Users/ayush/Desktop/Battleship/my-app/src/engine/cosmetics/catalogue.ts": {"lines":{"total":38,"covered":38,"skipped":0,"pct":100},"functions":{"total":13,"covered":13,"skipped":0,"pct":100},"statements":{"total":46,"covered":45,"skipped":0,"pct":97.82},"branches":{"total":37,"covered":35,"skipped":0,"pct":94.59}}
,"/Users/ayush/Desktop/Battleship/my-app/src/engine/cosmetics/contrast.ts": {"lines":{"total":61,"covered":60,"skipped":0,"pct":98.36},"functions":{"total":12,"covered":11,"skipped":0,"pct":91.66},"statements":{"total":69,"covered":66,"skipped":0,"pct":95.65},"branches":{"total":36,"covered":27,"skipped":0,"pct":75}}
,"/Users/ayush/Desktop/Battleship/my-app/src/engine/cosmetics/index.ts": {"lines":{"total":0,"covered":0,"skipped":0,"pct":100},"functions":{"total":0,"covered":0,"skipped":0,"pct":100},"statements":{"total":0,"covered":0,"skipped":0,"pct":100},"branches":{"total":0,"covered":0,"skipped":0,"pct":100}}
,"/Users/ayush/Desktop/Battleship/my-app/src/engine/cosmetics/visibility.ts": {"lines":{"total":14,"covered":14,"skipped":0,"pct":100},"functions":{"total":7,"covered":7,"skipped":0,"pct":100},"statements":{"total":14,"covered":14,"skipped":0,"pct":100},"branches":{"total":8,"covered":8,"skipped":0,"pct":100}}
,"/Users/ayush/Desktop/Battleship/my-app/src/engine/empire/index.ts": {"lines":{"total":43,"covered":43,"skipped":0,"pct":100},"functions":{"total":32,"covered":32,"skipped":0,"pct":100},"statements":{"total":93,"covered":92,"skipped":0,"pct":98.92},"branches":{"total":59,"covered":57,"skipped":0,"pct":96.61}}
,"/Users/ayush/Desktop/Battleship/my-app/src/engine/fleets/chat.ts": {"lines":{"total":33,"covered":33,"skipped":0,"pct":100},"functions":{"total":14,"covered":14,"skipped":0,"pct":100},"statements":{"total":41,"covered":41,"skipped":0,"pct":100},"branches":{"total":26,"covered":25,"skipped":0,"pct":96.15}}
,"/Users/ayush/Desktop/Battleship/my-app/src/engine/fleets/donations.ts": {"lines":{"total":44,"covered":41,"skipped":0,"pct":93.18},"functions":{"total":11,"covered":11,"skipped":0,"pct":100},"statements":{"total":45,"covered":42,"skipped":0,"pct":93.33},"branches":{"total":25,"covered":23,"skipped":0,"pct":92}}
,"/Users/ayush/Desktop/Battleship/my-app/src/engine/fleets/flagHall.ts": {"lines":{"total":8,"covered":8,"skipped":0,"pct":100},"functions":{"total":5,"covered":5,"skipped":0,"pct":100},"statements":{"total":10,"covered":10,"skipped":0,"pct":100},"branches":{"total":7,"covered":6,"skipped":0,"pct":85.71}}
,"/Users/ayush/Desktop/Battleship/my-app/src/engine/fleets/index.ts": {"lines":{"total":0,"covered":0,"skipped":0,"pct":100},"functions":{"total":0,"covered":0,"skipped":0,"pct":100},"statements":{"total":0,"covered":0,"skipped":0,"pct":100},"branches":{"total":0,"covered":0,"skipped":0,"pct":100}}
,"/Users/ayush/Desktop/Battleship/my-app/src/engine/fleets/matchmaking.ts": {"lines":{"total":28,"covered":28,"skipped":0,"pct":100},"functions":{"total":12,"covered":12,"skipped":0,"pct":100},"statements":{"total":35,"covered":35,"skipped":0,"pct":100},"branches":{"total":14,"covered":14,"skipped":0,"pct":100}}
,"/Users/ayush/Desktop/Battleship/my-app/src/engine/fleets/raidPolicy.ts": {"lines":{"total":17,"covered":17,"skipped":0,"pct":100},"functions":{"total":2,"covered":2,"skipped":0,"pct":100},"statements":{"total":17,"covered":17,"skipped":0,"pct":100},"branches":{"total":11,"covered":11,"skipped":0,"pct":100}}
,"/Users/ayush/Desktop/Battleship/my-app/src/engine/fleets/roles.ts": {"lines":{"total":45,"covered":44,"skipped":0,"pct":97.77},"functions":{"total":15,"covered":15,"skipped":0,"pct":100},"statements":{"total":62,"covered":61,"skipped":0,"pct":98.38},"branches":{"total":56,"covered":51,"skipped":0,"pct":91.07}}
,"/Users/ayush/Desktop/Battleship/my-app/src/engine/fleets/types.ts": {"lines":{"total":11,"covered":11,"skipped":0,"pct":100},"functions":{"total":0,"covered":0,"skipped":0,"pct":100},"statements":{"total":11,"covered":11,"skipped":0,"pct":100},"branches":{"total":0,"covered":0,"skipped":0,"pct":100}}
,"/Users/ayush/Desktop/Battleship/my-app/src/engine/fleets/war.ts": {"lines":{"total":57,"covered":56,"skipped":0,"pct":98.24},"functions":{"total":15,"covered":15,"skipped":0,"pct":100},"statements":{"total":60,"covered":59,"skipped":0,"pct":98.33},"branches":{"total":54,"covered":47,"skipped":0,"pct":87.03}}
,"/Users/ayush/Desktop/Battleship/my-app/src/engine/gazette/edition.ts": {"lines":{"total":17,"covered":16,"skipped":0,"pct":94.11},"functions":{"total":11,"covered":11,"skipped":0,"pct":100},"statements":{"total":19,"covered":18,"skipped":0,"pct":94.73},"branches":{"total":9,"covered":6,"skipped":0,"pct":66.66}}
,"/Users/ayush/Desktop/Battleship/my-app/src/engine/gazette/facts.ts": {"lines":{"total":59,"covered":59,"skipped":0,"pct":100},"functions":{"total":26,"covered":26,"skipped":0,"pct":100},"statements":{"total":67,"covered":66,"skipped":0,"pct":98.5},"branches":{"total":48,"covered":42,"skipped":0,"pct":87.5}}
,"/Users/ayush/Desktop/Battleship/my-app/src/engine/gazette/index.ts": {"lines":{"total":0,"covered":0,"skipped":0,"pct":100},"functions":{"total":0,"covered":0,"skipped":0,"pct":100},"statements":{"total":0,"covered":0,"skipped":0,"pct":100},"branches":{"total":0,"covered":0,"skipped":0,"pct":100}}
,"/Users/ayush/Desktop/Battleship/my-app/src/engine/gazette/templates.ts": {"lines":{"total":69,"covered":69,"skipped":0,"pct":100},"functions":{"total":90,"covered":90,"skipped":0,"pct":100},"statements":{"total":103,"covered":103,"skipped":0,"pct":100},"branches":{"total":66,"covered":66,"skipped":0,"pct":100}}
,"/Users/ayush/Desktop/Battleship/my-app/src/engine/liveWorld/index.ts": {"lines":{"total":26,"covered":25,"skipped":0,"pct":96.15},"functions":{"total":14,"covered":13,"skipped":0,"pct":92.85},"statements":{"total":30,"covered":29,"skipped":0,"pct":96.66},"branches":{"total":17,"covered":17,"skipped":0,"pct":100}}
,"/Users/ayush/Desktop/Battleship/my-app/src/engine/puzzle/index.ts": {"lines":{"total":0,"covered":0,"skipped":0,"pct":100},"functions":{"total":0,"covered":0,"skipped":0,"pct":100},"statements":{"total":0,"covered":0,"skipped":0,"pct":100},"branches":{"total":0,"covered":0,"skipped":0,"pct":100}}
,"/Users/ayush/Desktop/Battleship/my-app/src/engine/puzzle/puzzle.ts": {"lines":{"total":49,"covered":49,"skipped":0,"pct":100},"functions":{"total":20,"covered":20,"skipped":0,"pct":100},"statements":{"total":62,"covered":62,"skipped":0,"pct":100},"branches":{"total":51,"covered":51,"skipped":0,"pct":100}}
,"/Users/ayush/Desktop/Battleship/my-app/src/engine/puzzle/share.ts": {"lines":{"total":16,"covered":16,"skipped":0,"pct":100},"functions":{"total":7,"covered":7,"skipped":0,"pct":100},"statements":{"total":21,"covered":21,"skipped":0,"pct":100},"branches":{"total":10,"covered":10,"skipped":0,"pct":100}}
,"/Users/ayush/Desktop/Battleship/my-app/src/engine/raid/harbour.ts": {"lines":{"total":84,"covered":80,"skipped":0,"pct":95.23},"functions":{"total":8,"covered":7,"skipped":0,"pct":87.5},"statements":{"total":93,"covered":87,"skipped":0,"pct":93.54},"branches":{"total":55,"covered":46,"skipped":0,"pct":83.63}}
,"/Users/ayush/Desktop/Battleship/my-app/src/engine/raid/index.ts": {"lines":{"total":0,"covered":0,"skipped":0,"pct":100},"functions":{"total":0,"covered":0,"skipped":0,"pct":100},"statements":{"total":0,"covered":0,"skipped":0,"pct":100},"branches":{"total":0,"covered":0,"skipped":0,"pct":100}}
,"/Users/ayush/Desktop/Battleship/my-app/src/engine/raid/raid.ts": {"lines":{"total":80,"covered":77,"skipped":0,"pct":96.25},"functions":{"total":21,"covered":21,"skipped":0,"pct":100},"statements":{"total":102,"covered":93,"skipped":0,"pct":91.17},"branches":{"total":106,"covered":90,"skipped":0,"pct":84.9}}
,"/Users/ayush/Desktop/Battleship/my-app/src/engine/raid/scoring.ts": {"lines":{"total":52,"covered":48,"skipped":0,"pct":92.3},"functions":{"total":13,"covered":11,"skipped":0,"pct":84.61},"statements":{"total":57,"covered":53,"skipped":0,"pct":92.98},"branches":{"total":22,"covered":21,"skipped":0,"pct":95.45}}
,"/Users/ayush/Desktop/Battleship/my-app/src/engine/raid/types.ts": {"lines":{"total":3,"covered":3,"skipped":0,"pct":100},"functions":{"total":1,"covered":1,"skipped":0,"pct":100},"statements":{"total":3,"covered":3,"skipped":0,"pct":100},"branches":{"total":0,"covered":0,"skipped":0,"pct":100}}
,"/Users/ayush/Desktop/Battleship/my-app/src/engine/raid/view.ts": {"lines":{"total":9,"covered":9,"skipped":0,"pct":100},"functions":{"total":5,"covered":5,"skipped":0,"pct":100},"statements":{"total":10,"covered":10,"skipped":0,"pct":100},"branches":{"total":8,"covered":8,"skipped":0,"pct":100}}
,"/Users/ayush/Desktop/Battleship/my-app/src/engine/voyages/index.ts": {"lines":{"total":0,"covered":0,"skipped":0,"pct":100},"functions":{"total":0,"covered":0,"skipped":0,"pct":100},"statements":{"total":0,"covered":0,"skipped":0,"pct":100},"branches":{"total":0,"covered":0,"skipped":0,"pct":100}}
,"/Users/ayush/Desktop/Battleship/my-app/src/engine/voyages/routes.ts": {"lines":{"total":18,"covered":18,"skipped":0,"pct":100},"functions":{"total":9,"covered":9,"skipped":0,"pct":100},"statements":{"total":21,"covered":21,"skipped":0,"pct":100},"branches":{"total":23,"covered":23,"skipped":0,"pct":100}}
,"/Users/ayush/Desktop/Battleship/my-app/src/engine/voyages/skirmish.ts": {"lines":{"total":112,"covered":111,"skipped":0,"pct":99.1},"functions":{"total":25,"covered":25,"skipped":0,"pct":100},"statements":{"total":160,"covered":155,"skipped":0,"pct":96.87},"branches":{"total":110,"covered":105,"skipped":0,"pct":95.45}}
,"/Users/ayush/Desktop/Battleship/my-app/src/engine/worldBoss/index.ts": {"lines":{"total":50,"covered":50,"skipped":0,"pct":100},"functions":{"total":23,"covered":22,"skipped":0,"pct":95.65},"statements":{"total":79,"covered":75,"skipped":0,"pct":94.93},"branches":{"total":39,"covered":35,"skipped":0,"pct":89.74}}
,"/Users/ayush/Desktop/Battleship/my-app/src/features/arsenal/shopGrid.ts": {"lines":{"total":13,"covered":13,"skipped":0,"pct":100},"functions":{"total":2,"covered":2,"skipped":0,"pct":100},"statements":{"total":13,"covered":13,"skipped":0,"pct":100},"branches":{"total":0,"covered":0,"skipped":0,"pct":100}}
,"/Users/ayush/Desktop/Battleship/my-app/src/features/auth/privyUser.ts": {"lines":{"total":14,"covered":0,"skipped":0,"pct":0},"functions":{"total":6,"covered":0,"skipped":0,"pct":0},"statements":{"total":23,"covered":0,"skipped":0,"pct":0},"branches":{"total":16,"covered":0,"skipped":0,"pct":0}}
,"/Users/ayush/Desktop/Battleship/my-app/src/features/battle/setup.ts": {"lines":{"total":42,"covered":35,"skipped":0,"pct":83.33},"functions":{"total":5,"covered":4,"skipped":0,"pct":80},"statements":{"total":45,"covered":37,"skipped":0,"pct":82.22},"branches":{"total":67,"covered":39,"skipped":0,"pct":58.2}}
,"/Users/ayush/Desktop/Battleship/my-app/src/features/demo/demoMatch.ts": {"lines":{"total":8,"covered":8,"skipped":0,"pct":100},"functions":{"total":2,"covered":2,"skipped":0,"pct":100},"statements":{"total":8,"covered":8,"skipped":0,"pct":100},"branches":{"total":2,"covered":1,"skipped":0,"pct":50}}
,"/Users/ayush/Desktop/Battleship/my-app/src/features/dev/boardLab.ts": {"lines":{"total":59,"covered":0,"skipped":0,"pct":0},"functions":{"total":21,"covered":0,"skipped":0,"pct":0},"statements":{"total":87,"covered":0,"skipped":0,"pct":0},"branches":{"total":30,"covered":0,"skipped":0,"pct":0}}
,"/Users/ayush/Desktop/Battleship/my-app/src/features/matchmaking/botFallback.ts": {"lines":{"total":3,"covered":3,"skipped":0,"pct":100},"functions":{"total":2,"covered":2,"skipped":0,"pct":100},"statements":{"total":3,"covered":3,"skipped":0,"pct":100},"branches":{"total":2,"covered":2,"skipped":0,"pct":100}}
,"/Users/ayush/Desktop/Battleship/my-app/src/features/matchmaking/failurePresentation.ts": {"lines":{"total":6,"covered":2,"skipped":0,"pct":33.33},"functions":{"total":1,"covered":1,"skipped":0,"pct":100},"statements":{"total":6,"covered":2,"skipped":0,"pct":33.33},"branches":{"total":5,"covered":1,"skipped":0,"pct":20}}
,"/Users/ayush/Desktop/Battleship/my-app/src/features/matchmaking/handoff.ts": {"lines":{"total":26,"covered":25,"skipped":0,"pct":96.15},"functions":{"total":8,"covered":7,"skipped":0,"pct":87.5},"statements":{"total":30,"covered":29,"skipped":0,"pct":96.66},"branches":{"total":16,"covered":16,"skipped":0,"pct":100}}
,"/Users/ayush/Desktop/Battleship/my-app/src/features/offline/LocalMatch.ts": {"lines":{"total":39,"covered":37,"skipped":0,"pct":94.87},"functions":{"total":10,"covered":10,"skipped":0,"pct":100},"statements":{"total":44,"covered":39,"skipped":0,"pct":88.63},"branches":{"total":26,"covered":19,"skipped":0,"pct":73.07}}
,"/Users/ayush/Desktop/Battleship/my-app/src/fleet/api.ts": {"lines":{"total":43,"covered":0,"skipped":0,"pct":0},"functions":{"total":20,"covered":0,"skipped":0,"pct":0},"statements":{"total":44,"covered":0,"skipped":0,"pct":0},"branches":{"total":16,"covered":0,"skipped":0,"pct":0}}
,"/Users/ayush/Desktop/Battleship/my-app/src/fx/EventPlayer.ts": {"lines":{"total":44,"covered":0,"skipped":0,"pct":0},"functions":{"total":15,"covered":0,"skipped":0,"pct":0},"statements":{"total":51,"covered":0,"skipped":0,"pct":0},"branches":{"total":12,"covered":0,"skipped":0,"pct":0}}
,"/Users/ayush/Desktop/Battleship/my-app/src/fx/applyEvent.ts": {"lines":{"total":65,"covered":0,"skipped":0,"pct":0},"functions":{"total":20,"covered":0,"skipped":0,"pct":0},"statements":{"total":78,"covered":0,"skipped":0,"pct":0},"branches":{"total":96,"covered":0,"skipped":0,"pct":0}}
,"/Users/ayush/Desktop/Battleship/my-app/src/fx/battleEffects.ts": {"lines":{"total":179,"covered":0,"skipped":0,"pct":0},"functions":{"total":15,"covered":0,"skipped":0,"pct":0},"statements":{"total":193,"covered":0,"skipped":0,"pct":0},"branches":{"total":92,"covered":0,"skipped":0,"pct":0}}
,"/Users/ayush/Desktop/Battleship/my-app/src/fx/fxStore.ts": {"lines":{"total":45,"covered":0,"skipped":0,"pct":0},"functions":{"total":57,"covered":0,"skipped":0,"pct":0},"statements":{"total":75,"covered":0,"skipped":0,"pct":0},"branches":{"total":4,"covered":0,"skipped":0,"pct":0}}
,"/Users/ayush/Desktop/Battleship/my-app/src/net/api.ts": {"lines":{"total":83,"covered":16,"skipped":0,"pct":19.27},"functions":{"total":23,"covered":6,"skipped":0,"pct":26.08},"statements":{"total":104,"covered":19,"skipped":0,"pct":18.26},"branches":{"total":81,"covered":5,"skipped":0,"pct":6.17}}
,"/Users/ayush/Desktop/Battleship/my-app/src/net/apiBase.ts": {"lines":{"total":12,"covered":11,"skipped":0,"pct":91.66},"functions":{"total":1,"covered":1,"skipped":0,"pct":100},"statements":{"total":14,"covered":13,"skipped":0,"pct":92.85},"branches":{"total":6,"covered":5,"skipped":0,"pct":83.33}}
,"/Users/ayush/Desktop/Battleship/my-app/src/net/auth.ts": {"lines":{"total":18,"covered":10,"skipped":0,"pct":55.55},"functions":{"total":9,"covered":3,"skipped":0,"pct":33.33},"statements":{"total":21,"covered":10,"skipped":0,"pct":47.61},"branches":{"total":6,"covered":3,"skipped":0,"pct":50}}
,"/Users/ayush/Desktop/Battleship/my-app/src/net/chat.ts": {"lines":{"total":40,"covered":0,"skipped":0,"pct":0},"functions":{"total":11,"covered":0,"skipped":0,"pct":0},"statements":{"total":47,"covered":0,"skipped":0,"pct":0},"branches":{"total":33,"covered":0,"skipped":0,"pct":0}}
,"/Users/ayush/Desktop/Battleship/my-app/src/net/connectivity.ts": {"lines":{"total":14,"covered":11,"skipped":0,"pct":78.57},"functions":{"total":6,"covered":5,"skipped":0,"pct":83.33},"statements":{"total":16,"covered":13,"skipped":0,"pct":81.25},"branches":{"total":10,"covered":6,"skipped":0,"pct":60}}
,"/Users/ayush/Desktop/Battleship/my-app/src/net/featureClient.ts": {"lines":{"total":35,"covered":35,"skipped":0,"pct":100},"functions":{"total":8,"covered":7,"skipped":0,"pct":87.5},"statements":{"total":48,"covered":43,"skipped":0,"pct":89.58},"branches":{"total":30,"covered":24,"skipped":0,"pct":80}}
,"/Users/ayush/Desktop/Battleship/my-app/src/net/match-client.ts": {"lines":{"total":449,"covered":344,"skipped":0,"pct":76.61},"functions":{"total":47,"covered":35,"skipped":0,"pct":74.46},"statements":{"total":488,"covered":357,"skipped":0,"pct":73.15},"branches":{"total":284,"covered":180,"skipped":0,"pct":63.38}}
,"/Users/ayush/Desktop/Battleship/my-app/src/net/offlineResults.ts": {"lines":{"total":40,"covered":31,"skipped":0,"pct":77.5},"functions":{"total":4,"covered":4,"skipped":0,"pct":100},"statements":{"total":50,"covered":33,"skipped":0,"pct":66},"branches":{"total":26,"covered":13,"skipped":0,"pct":50}}
,"/Users/ayush/Desktop/Battleship/my-app/src/net/offlineWager.ts": {"lines":{"total":43,"covered":0,"skipped":0,"pct":0},"functions":{"total":5,"covered":0,"skipped":0,"pct":0},"statements":{"total":47,"covered":0,"skipped":0,"pct":0},"branches":{"total":18,"covered":0,"skipped":0,"pct":0}}
,"/Users/ayush/Desktop/Battleship/my-app/src/net/points.ts": {"lines":{"total":60,"covered":60,"skipped":0,"pct":100},"functions":{"total":9,"covered":9,"skipped":0,"pct":100},"statements":{"total":75,"covered":71,"skipped":0,"pct":94.66},"branches":{"total":36,"covered":30,"skipped":0,"pct":83.33}}
,"/Users/ayush/Desktop/Battleship/my-app/src/net/presence.ts": {"lines":{"total":55,"covered":0,"skipped":0,"pct":0},"functions":{"total":13,"covered":0,"skipped":0,"pct":0},"statements":{"total":71,"covered":0,"skipped":0,"pct":0},"branches":{"total":40,"covered":0,"skipped":0,"pct":0}}
,"/Users/ayush/Desktop/Battleship/my-app/src/net/privySync.ts": {"lines":{"total":51,"covered":50,"skipped":0,"pct":98.03},"functions":{"total":5,"covered":4,"skipped":0,"pct":80},"statements":{"total":59,"covered":57,"skipped":0,"pct":96.61},"branches":{"total":31,"covered":29,"skipped":0,"pct":93.54}}
,"/Users/ayush/Desktop/Battleship/my-app/src/net/profileMerge.ts": {"lines":{"total":10,"covered":6,"skipped":0,"pct":60},"functions":{"total":7,"covered":3,"skipped":0,"pct":42.85},"statements":{"total":13,"covered":8,"skipped":0,"pct":61.53},"branches":{"total":28,"covered":13,"skipped":0,"pct":46.42}}
,"/Users/ayush/Desktop/Battleship/my-app/src/net/profileSync.ts": {"lines":{"total":23,"covered":0,"skipped":0,"pct":0},"functions":{"total":3,"covered":0,"skipped":0,"pct":0},"statements":{"total":30,"covered":0,"skipped":0,"pct":0},"branches":{"total":30,"covered":0,"skipped":0,"pct":0}}
,"/Users/ayush/Desktop/Battleship/my-app/src/net/protocol.ts": {"lines":{"total":43,"covered":41,"skipped":0,"pct":95.34},"functions":{"total":13,"covered":11,"skipped":0,"pct":84.61},"statements":{"total":43,"covered":41,"skipped":0,"pct":95.34},"branches":{"total":12,"covered":7,"skipped":0,"pct":58.33}}
,"/Users/ayush/Desktop/Battleship/my-app/src/net/retryPolicy.ts": {"lines":{"total":3,"covered":3,"skipped":0,"pct":100},"functions":{"total":0,"covered":0,"skipped":0,"pct":100},"statements":{"total":3,"covered":3,"skipped":0,"pct":100},"branches":{"total":0,"covered":0,"skipped":0,"pct":100}}
,"/Users/ayush/Desktop/Battleship/my-app/src/net/supabase.ts": {"lines":{"total":6,"covered":0,"skipped":0,"pct":0},"functions":{"total":0,"covered":0,"skipped":0,"pct":100},"statements":{"total":6,"covered":0,"skipped":0,"pct":0},"branches":{"total":12,"covered":0,"skipped":0,"pct":0}}
,"/Users/ayush/Desktop/Battleship/my-app/src/net/wake.ts": {"lines":{"total":37,"covered":35,"skipped":0,"pct":94.59},"functions":{"total":7,"covered":6,"skipped":0,"pct":85.71},"statements":{"total":41,"covered":38,"skipped":0,"pct":92.68},"branches":{"total":12,"covered":11,"skipped":0,"pct":91.66}}
,"/Users/ayush/Desktop/Battleship/my-app/src/raid/api.ts": {"lines":{"total":17,"covered":7,"skipped":0,"pct":41.17},"functions":{"total":13,"covered":6,"skipped":0,"pct":46.15},"statements":{"total":17,"covered":7,"skipped":0,"pct":41.17},"branches":{"total":10,"covered":1,"skipped":0,"pct":10}}
,"/Users/ayush/Desktop/Battleship/my-app/src/raid/store.ts": {"lines":{"total":26,"covered":0,"skipped":0,"pct":0},"functions":{"total":20,"covered":0,"skipped":0,"pct":0},"statements":{"total":27,"covered":0,"skipped":0,"pct":0},"branches":{"total":8,"covered":0,"skipped":0,"pct":0}}
,"/Users/ayush/Desktop/Battleship/my-app/src/raid/types.ts": {"lines":{"total":23,"covered":23,"skipped":0,"pct":100},"functions":{"total":2,"covered":2,"skipped":0,"pct":100},"statements":{"total":24,"covered":24,"skipped":0,"pct":100},"branches":{"total":6,"covered":5,"skipped":0,"pct":83.33}}
,"/Users/ayush/Desktop/Battleship/my-app/src/raid/ui/captainCopy.ts": {"lines":{"total":18,"covered":18,"skipped":0,"pct":100},"functions":{"total":3,"covered":3,"skipped":0,"pct":100},"statements":{"total":18,"covered":18,"skipped":0,"pct":100},"branches":{"total":10,"covered":10,"skipped":0,"pct":100}}
,"/Users/ayush/Desktop/Battleship/my-app/src/raid/ui/defenceBudget.ts": {"lines":{"total":43,"covered":39,"skipped":0,"pct":90.69},"functions":{"total":11,"covered":11,"skipped":0,"pct":100},"statements":{"total":47,"covered":43,"skipped":0,"pct":91.48},"branches":{"total":38,"covered":27,"skipped":0,"pct":71.05}}
,"/Users/ayush/Desktop/Battleship/my-app/src/raid/ui/defenceLog.ts": {"lines":{"total":36,"covered":36,"skipped":0,"pct":100},"functions":{"total":16,"covered":16,"skipped":0,"pct":100},"statements":{"total":45,"covered":45,"skipped":0,"pct":100},"branches":{"total":40,"covered":38,"skipped":0,"pct":95}}
,"/Users/ayush/Desktop/Battleship/my-app/src/raid/ui/firstRaid.ts": {"lines":{"total":18,"covered":18,"skipped":0,"pct":100},"functions":{"total":11,"covered":11,"skipped":0,"pct":100},"statements":{"total":21,"covered":21,"skipped":0,"pct":100},"branches":{"total":9,"covered":9,"skipped":0,"pct":100}}
,"/Users/ayush/Desktop/Battleship/my-app/src/raid/ui/raidFlow.ts": {"lines":{"total":24,"covered":22,"skipped":0,"pct":91.66},"functions":{"total":6,"covered":6,"skipped":0,"pct":100},"statements":{"total":25,"covered":23,"skipped":0,"pct":92},"branches":{"total":37,"covered":34,"skipped":0,"pct":91.89}}
,"/Users/ayush/Desktop/Battleship/my-app/src/raid/ui/replayScrub.ts": {"lines":{"total":31,"covered":29,"skipped":0,"pct":93.54},"functions":{"total":11,"covered":10,"skipped":0,"pct":90.9},"statements":{"total":33,"covered":31,"skipped":0,"pct":93.93},"branches":{"total":18,"covered":16,"skipped":0,"pct":88.88}}
,"/Users/ayush/Desktop/Battleship/my-app/src/raid/ui/shellHud.ts": {"lines":{"total":23,"covered":23,"skipped":0,"pct":100},"functions":{"total":7,"covered":7,"skipped":0,"pct":100},"statements":{"total":23,"covered":23,"skipped":0,"pct":100},"branches":{"total":13,"covered":13,"skipped":0,"pct":100}}
,"/Users/ayush/Desktop/Battleship/my-app/src/raid/ui/useHarbourEditor.ts": {"lines":{"total":42,"covered":0,"skipped":0,"pct":0},"functions":{"total":15,"covered":0,"skipped":0,"pct":0},"statements":{"total":48,"covered":0,"skipped":0,"pct":0},"branches":{"total":28,"covered":0,"skipped":0,"pct":0}}
,"/Users/ayush/Desktop/Battleship/my-app/src/state/backendWake.ts": {"lines":{"total":8,"covered":5,"skipped":0,"pct":62.5},"functions":{"total":8,"covered":5,"skipped":0,"pct":62.5},"statements":{"total":9,"covered":6,"skipped":0,"pct":66.66},"branches":{"total":0,"covered":0,"skipped":0,"pct":100}}
,"/Users/ayush/Desktop/Battleship/my-app/src/state/battle.ts": {"lines":{"total":191,"covered":124,"skipped":0,"pct":64.92},"functions":{"total":37,"covered":18,"skipped":0,"pct":48.64},"statements":{"total":227,"covered":135,"skipped":0,"pct":59.47},"branches":{"total":222,"covered":116,"skipped":0,"pct":52.25}}
,"/Users/ayush/Desktop/Battleship/my-app/src/state/cloud.ts": {"lines":{"total":2,"covered":0,"skipped":0,"pct":0},"functions":{"total":2,"covered":0,"skipped":0,"pct":0},"statements":{"total":3,"covered":0,"skipped":0,"pct":0},"branches":{"total":0,"covered":0,"skipped":0,"pct":100}}
,"/Users/ayush/Desktop/Battleship/my-app/src/state/currencyInfo.ts": {"lines":{"total":3,"covered":3,"skipped":0,"pct":100},"functions":{"total":3,"covered":3,"skipped":0,"pct":100},"statements":{"total":4,"covered":4,"skipped":0,"pct":100},"branches":{"total":0,"covered":0,"skipped":0,"pct":100}}
,"/Users/ayush/Desktop/Battleship/my-app/src/state/demo.ts": {"lines":{"total":12,"covered":10,"skipped":0,"pct":83.33},"functions":{"total":9,"covered":7,"skipped":0,"pct":77.77},"statements":{"total":12,"covered":10,"skipped":0,"pct":83.33},"branches":{"total":4,"covered":3,"skipped":0,"pct":75}}
,"/Users/ayush/Desktop/Battleship/my-app/src/state/placement.ts": {"lines":{"total":179,"covered":71,"skipped":0,"pct":39.66},"functions":{"total":37,"covered":12,"skipped":0,"pct":32.43},"statements":{"total":201,"covered":75,"skipped":0,"pct":37.31},"branches":{"total":126,"covered":54,"skipped":0,"pct":42.85}}
,"/Users/ayush/Desktop/Battleship/my-app/src/state/points.ts": {"lines":{"total":15,"covered":9,"skipped":0,"pct":60},"functions":{"total":15,"covered":9,"skipped":0,"pct":60},"statements":{"total":16,"covered":10,"skipped":0,"pct":62.5},"branches":{"total":4,"covered":4,"skipped":0,"pct":100}}
,"/Users/ayush/Desktop/Battleship/my-app/src/state/privySync.ts": {"lines":{"total":6,"covered":0,"skipped":0,"pct":0},"functions":{"total":7,"covered":0,"skipped":0,"pct":0},"statements":{"total":8,"covered":0,"skipped":0,"pct":0},"branches":{"total":0,"covered":0,"skipped":0,"pct":100}}
,"/Users/ayush/Desktop/Battleship/my-app/src/state/profile.ts": {"lines":{"total":42,"covered":19,"skipped":0,"pct":45.23},"functions":{"total":32,"covered":13,"skipped":0,"pct":40.62},"statements":{"total":50,"covered":23,"skipped":0,"pct":46},"branches":{"total":22,"covered":9,"skipped":0,"pct":40.9}}
,"/Users/ayush/Desktop/Battleship/my-app/src/tutorial/driver.ts": {"lines":{"total":102,"covered":0,"skipped":0,"pct":0},"functions":{"total":44,"covered":0,"skipped":0,"pct":0},"statements":{"total":143,"covered":0,"skipped":0,"pct":0},"branches":{"total":88,"covered":0,"skipped":0,"pct":0}}
,"/Users/ayush/Desktop/Battleship/my-app/src/tutorial/script.ts": {"lines":{"total":15,"covered":14,"skipped":0,"pct":93.33},"functions":{"total":3,"covered":2,"skipped":0,"pct":66.66},"statements":{"total":15,"covered":14,"skipped":0,"pct":93.33},"branches":{"total":2,"covered":0,"skipped":0,"pct":0}}
,"/Users/ayush/Desktop/Battleship/my-app/src/tutorial/store.ts": {"lines":{"total":30,"covered":0,"skipped":0,"pct":0},"functions":{"total":14,"covered":0,"skipped":0,"pct":0},"statements":{"total":39,"covered":0,"skipped":0,"pct":0},"branches":{"total":25,"covered":0,"skipped":0,"pct":0}}
,"/Users/ayush/Desktop/Battleship/my-app/src/tutorial/useTutorialTarget.ts": {"lines":{"total":29,"covered":0,"skipped":0,"pct":0},"functions":{"total":13,"covered":0,"skipped":0,"pct":0},"statements":{"total":41,"covered":0,"skipped":0,"pct":0},"branches":{"total":20,"covered":0,"skipped":0,"pct":0}}
,"/Users/ayush/Desktop/Battleship/my-app/src/ui/assets.ts": {"lines":{"total":8,"covered":0,"skipped":0,"pct":0},"functions":{"total":0,"covered":0,"skipped":0,"pct":100},"statements":{"total":8,"covered":0,"skipped":0,"pct":0},"branches":{"total":0,"covered":0,"skipped":0,"pct":100}}
,"/Users/ayush/Desktop/Battleship/my-app/src/ui/debug.ts": {"lines":{"total":5,"covered":0,"skipped":0,"pct":0},"functions":{"total":1,"covered":0,"skipped":0,"pct":0},"statements":{"total":6,"covered":0,"skipped":0,"pct":0},"branches":{"total":6,"covered":0,"skipped":0,"pct":0}}
,"/Users/ayush/Desktop/Battleship/my-app/src/ui/geometry.ts": {"lines":{"total":143,"covered":142,"skipped":0,"pct":99.3},"functions":{"total":15,"covered":15,"skipped":0,"pct":100},"statements":{"total":159,"covered":158,"skipped":0,"pct":99.37},"branches":{"total":43,"covered":42,"skipped":0,"pct":97.67}}
,"/Users/ayush/Desktop/Battleship/my-app/src/ui/roughCore.ts": {"lines":{"total":43,"covered":0,"skipped":0,"pct":0},"functions":{"total":17,"covered":0,"skipped":0,"pct":0},"statements":{"total":48,"covered":0,"skipped":0,"pct":0},"branches":{"total":10,"covered":0,"skipped":0,"pct":0}}
,"/Users/ayush/Desktop/Battleship/my-app/src/ui/tokens.ts": {"lines":{"total":8,"covered":8,"skipped":0,"pct":100},"functions":{"total":0,"covered":0,"skipped":0,"pct":100},"statements":{"total":8,"covered":8,"skipped":0,"pct":100},"branches":{"total":0,"covered":0,"skipped":0,"pct":100}}
,"/Users/ayush/Desktop/Battleship/my-app/src/ui/useRough.ts": {"lines":{"total":4,"covered":0,"skipped":0,"pct":0},"functions":{"total":4,"covered":0,"skipped":0,"pct":0},"statements":{"total":5,"covered":0,"skipped":0,"pct":0},"branches":{"total":7,"covered":0,"skipped":0,"pct":0}}
,"/Users/ayush/Desktop/Battleship/my-app/src/util/uuid.ts": {"lines":{"total":6,"covered":6,"skipped":0,"pct":100},"functions":{"total":2,"covered":2,"skipped":0,"pct":100},"statements":{"total":7,"covered":7,"skipped":0,"pct":100},"branches":{"total":4,"covered":2,"skipped":0,"pct":50}}
,"/Users/ayush/Desktop/Battleship/my-app/src/wallet/solana.ts": {"lines":{"total":36,"covered":25,"skipped":0,"pct":69.44},"functions":{"total":9,"covered":4,"skipped":0,"pct":44.44},"statements":{"total":44,"covered":32,"skipped":0,"pct":72.72},"branches":{"total":54,"covered":35,"skipped":0,"pct":64.81}}
,"/Users/ayush/Desktop/Battleship/my-app/src/worldBoss/api.ts": {"lines":{"total":10,"covered":0,"skipped":0,"pct":0},"functions":{"total":3,"covered":0,"skipped":0,"pct":0},"statements":{"total":13,"covered":0,"skipped":0,"pct":0},"branches":{"total":8,"covered":0,"skipped":0,"pct":0}}
}
